Logfile initialized
[INFO] logfile = /Users/seb/DEV/Titanium_Workspace/league_mobile/build.log
[DEBUG] /Library/Application Support/Titanium/mobilesdk/osx/1.7.1/android/builder.py simulator league_mobile /Users/seb/DEV/Android/android-sdk-mac_x86 /Users/seb/DEV/Titanium_Workspace/league_mobile com.seb.league 7 HVGA 
[INFO] Building league_mobile for Android ... one moment
[INFO] Titanium SDK version: 1.7.1 (06/21/11 14:28 1293a6d)
[DEBUG] Waiting for device to be ready ...
[TRACE] adb devices returned 2 devices/emulators
[DEBUG] Device connected... (waited 0 seconds)
[DEBUG] waited 0.006848 seconds on emulator to get ready
[DEBUG] com.seb.league installed? True
[INFO] Fastdev server running, deploying in Fastdev mode
[INFO] Copying project resources..
[TRACE] COPYING MODIFIED FILE: /Users/seb/DEV/Titanium_Workspace/league_mobile/Resources/ladders.js => /Users/seb/DEV/Titanium_Workspace/league_mobile/build/android/bin/assets/Resources/ladders.js
[INFO] Tiapp.xml unchanged, skipping class generation
[DEBUG] Processing Android resource drawables
[DEBUG] found drawable-long-land-hdpi splash screen at /Users/seb/DEV/Titanium_Workspace/league_mobile/Resources/android/images/res-long-land-hdpi/default.png
[DEBUG] found drawable-long-land-ldpi splash screen at /Users/seb/DEV/Titanium_Workspace/league_mobile/Resources/android/images/res-long-land-ldpi/default.png
[DEBUG] found drawable-long-port-hdpi splash screen at /Users/seb/DEV/Titanium_Workspace/league_mobile/Resources/android/images/res-long-port-hdpi/default.png
[DEBUG] found drawable-long-port-ldpi splash screen at /Users/seb/DEV/Titanium_Workspace/league_mobile/Resources/android/images/res-long-port-ldpi/default.png
[DEBUG] found drawable-notlong-land-hdpi splash screen at /Users/seb/DEV/Titanium_Workspace/league_mobile/Resources/android/images/res-notlong-land-hdpi/default.png
[DEBUG] found drawable-notlong-land-ldpi splash screen at /Users/seb/DEV/Titanium_Workspace/league_mobile/Resources/android/images/res-notlong-land-ldpi/default.png
[DEBUG] found drawable-notlong-land-mdpi splash screen at /Users/seb/DEV/Titanium_Workspace/league_mobile/Resources/android/images/res-notlong-land-mdpi/default.png
[DEBUG] found drawable-notlong-port-hdpi splash screen at /Users/seb/DEV/Titanium_Workspace/league_mobile/Resources/android/images/res-notlong-port-hdpi/default.png
[DEBUG] found drawable-notlong-port-ldpi splash screen at /Users/seb/DEV/Titanium_Workspace/league_mobile/Resources/android/images/res-notlong-port-ldpi/default.png
[DEBUG] found drawable-notlong-port-mdpi splash screen at /Users/seb/DEV/Titanium_Workspace/league_mobile/Resources/android/images/res-notlong-port-mdpi/default.png
[INFO] Waiting for SDCard to become available..
[INFO] Re-launching application ... league_mobile
[INFO] Launching application ... league_mobile
[TRACE] Launch output: Starting: Intent { act=android.intent.action.MAIN cat=[android.intent.category.LAUNCHER] cmp=com.seb.league/.League_mobileActivity }
Error type 3
Error: Activity class {com.seb.league/com.seb.league.League_mobileActivity} does not exist.

[INFO] Android Emulator has exited
